<?xml version="1.0" encoding="UTF-8"?>
<!-- Generated by org.testng.reporters.JUnitReportReporter -->
<testsuite skipped="0" hostname="LAPTOP-EV231O2N" name="NavigateToHarveynorman.AT003_loginToMyAccount" tests="18" failures="0" timestamp="30 Jun 2018 08:42:27 GMT" time="40.410" errors="0">
  <testcase name="openBrowser" time="20.577" classname="NavigateToHarveynorman.AT003_loginToMyAccount"/>
  <testcase name="Accountclick" time="1.402" classname="NavigateToHarveynorman.AT003_loginToMyAccount"/>
  <testcase name="emailAddress" time="0.349" classname="NavigateToHarveynorman.AT003_loginToMyAccount"/>
  <testcase name="password" time="0.112" classname="NavigateToHarveynorman.AT003_loginToMyAccount"/>
  <testcase name="logIn" time="1.920" classname="NavigateToHarveynorman.AT003_loginToMyAccount"/>
  <testcase name="myAccountScreen" time="1.933" classname="NavigateToHarveynorman.AT003_loginToMyAccount"/>
  <testcase name="myAddressBook" time="1.994" classname="NavigateToHarveynorman.AT003_loginToMyAccount"/>
  <testcase name="firstName" time="0.289" classname="NavigateToHarveynorman.AT003_loginToMyAccount"/>
  <testcase name="lastName" time="0.156" classname="NavigateToHarveynorman.AT003_loginToMyAccount"/>
  <testcase name="companyName" time="0.408" classname="NavigateToHarveynorman.AT003_loginToMyAccount"/>
  <testcase name="primaryTelephone" time="0.193" classname="NavigateToHarveynorman.AT003_loginToMyAccount"/>
  <testcase name="faxNumber" time="0.127" classname="NavigateToHarveynorman.AT003_loginToMyAccount"/>
  <testcase name="streetNumberandName" time="0.227" classname="NavigateToHarveynorman.AT003_loginToMyAccount"/>
  <testcase name="suburbAndPostcode" time="0.233" classname="NavigateToHarveynorman.AT003_loginToMyAccount"/>
  <testcase name="save" time="0.271" classname="NavigateToHarveynorman.AT003_loginToMyAccount"/>
  <testcase name="myOrders" time="1.601" classname="NavigateToHarveynorman.AT003_loginToMyAccount"/>
  <testcase name="myWishlist" time="2.207" classname="NavigateToHarveynorman.AT003_loginToMyAccount"/>
  <testcase name="logOut" time="6.411" classname="NavigateToHarveynorman.AT003_loginToMyAccount"/>
</testsuite> <!-- NavigateToHarveynorman.AT003_loginToMyAccount -->
