<?xml version="1.0" encoding="UTF-8"?>
<!-- Generated by org.testng.reporters.JUnitReportReporter -->
<testsuite skipped="0" hostname="LAPTOP-EV231O2N" name="NavigateToHarveynorman.AT001_NavigateToHNTestcase" tests="1" failures="0" timestamp="25 Jun 2018 09:52:11 GMT" time="56.877" errors="0">
  <testcase name="openBrowser" time="56.877" classname="NavigateToHarveynorman.AT001_NavigateToHNTestcase"/>
</testsuite> <!-- NavigateToHarveynorman.AT001_NavigateToHNTestcase -->
